2024-08-15 09:51:54,703 [INFO] Activator:176 - 


2024-08-15 09:51:54,705 [INFO] Activator:177 - !SESSION log4j initialized
2024-08-15 09:51:57,614 [INFO] LogOutputStream:77 - [STDOUT_REDIRECT] 
2024-08-15 09:52:01,426 [INFO] ApplicationProperties:184 - Using Application install path: /opt/st/stm32cubeide_1.15.0/plugins/com.st.stm32cube.common.mx_6.12.0.202406281431
2024-08-15 09:52:01,454 [INFO] DbMcusXml:78 - Set database path to: /opt/st/stm32cubeide_1.15.0/plugins/com.st.stm32cube.common.mx_6.12.0.202406281431//db//mcu/
2024-08-15 09:52:01,455 [INFO] ApiDb:274 - Set plugin database path to: /opt/st/stm32cubeide_1.15.0/plugins/com.st.stm32cube.common.mx_6.12.0.202406281431//db//plugins/boardmanager/
2024-08-15 09:52:01,455 [WARN] ApiDb:259 - Overriding images path with different value:  => /opt/st/stm32cubeide_1.15.0/plugins/com.st.stm32cube.common.mx_6.12.0.202406281431//db//plugins/mcufinder/images/
2024-08-15 09:52:01,469 [INFO] ApiDb:250 - Set database path to: /home/adailton/.stmcufinder/plugins/mcufinder//mcu/
2024-08-15 09:52:01,470 [INFO] DbMcusAds:125 - Set database path to: /home/adailton/.stmcufinder/plugins/mcufinder//mcu/
2024-08-15 09:52:01,474 [INFO] CrossReferenceDbSqlite:203 - Set database path to: /home/adailton/.stmcufinder/plugins/mcufinder//mcu/cs/
2024-08-15 09:52:01,667 [INFO] RulesReader:64 - Compatibility file has been processed (297 Rules)
2024-08-15 09:52:01,785 [INFO] DbMcusXml:78 - Set database path to: /opt/st/stm32cubeide_1.15.0/plugins/com.st.stm32cube.common.mx_6.12.0.202406281431//db//mcu/
2024-08-15 09:52:01,785 [INFO] ApiDb:274 - Set plugin database path to: /opt/st/stm32cubeide_1.15.0/plugins/com.st.stm32cube.common.mx_6.12.0.202406281431//db//plugins/boardmanager/
2024-08-15 09:52:01,785 [INFO] ApiDb:261 - Set plugin images path to: /opt/st/stm32cubeide_1.15.0/plugins/com.st.stm32cube.common.mx_6.12.0.202406281431//db//plugins/mcufinder/images/
2024-08-15 09:52:01,786 [WARN] DbFile:41 - Overriding database path with different value: /home/adailton/.stmcufinder/plugins/mcufinder/ => /home/adailton/.stmcufinder/plugins/mcufinder
2024-08-15 09:52:01,786 [INFO] ApiDb:250 - Set database path to: /home/adailton/.stmcufinder/plugins/mcufinder//mcu/
2024-08-15 09:52:01,786 [WARN] DbFile:41 - Overriding database path with different value: /home/adailton/.stmcufinder/plugins/mcufinder/ => /home/adailton/.stmcufinder/plugins/mcufinder
2024-08-15 09:52:01,787 [INFO] DbMcusAds:125 - Set database path to: /home/adailton/.stmcufinder/plugins/mcufinder//mcu/
2024-08-15 09:52:01,787 [WARN] DbFile:41 - Overriding database path with different value: /home/adailton/.stmcufinder/plugins/mcufinder/ => /home/adailton/.stmcufinder/plugins/mcufinder
2024-08-15 09:52:01,787 [WARN] DbFile:41 - Overriding database path with different value: /home/adailton/.stmcufinder/plugins/mcufinder/ => /home/adailton/.stmcufinder/plugins/mcufinder
2024-08-15 09:52:01,787 [INFO] CrossReferenceDbSqlite:203 - Set database path to: /home/adailton/.stmcufinder/plugins/mcufinder//mcu/cs/
2024-08-15 09:52:01,935 [INFO] MainPanel:268 - HeapMemory: 268435456
2024-08-15 09:52:02,156 [INFO] DbMcusXml:78 - Set database path to: /opt/st/stm32cubeide_1.15.0/plugins/com.st.stm32cube.common.mx_6.12.0.202406281431//db//mcu/
2024-08-15 09:52:02,157 [INFO] ApiDb:274 - Set plugin database path to: /opt/st/stm32cubeide_1.15.0/plugins/com.st.stm32cube.common.mx_6.12.0.202406281431//db//plugins/boardmanager/
2024-08-15 09:52:02,158 [INFO] ApiDb:261 - Set plugin images path to: /opt/st/stm32cubeide_1.15.0/plugins/com.st.stm32cube.common.mx_6.12.0.202406281431//db//plugins/mcufinder/images/
2024-08-15 09:52:02,160 [WARN] DbFile:41 - Overriding database path with different value: /home/adailton/.stmcufinder/plugins/mcufinder/ => /home/adailton/.stmcufinder/plugins/mcufinder
2024-08-15 09:52:02,162 [INFO] ApiDb:250 - Set database path to: /home/adailton/.stmcufinder/plugins/mcufinder//mcu/
2024-08-15 09:52:02,163 [WARN] DbFile:41 - Overriding database path with different value: /home/adailton/.stmcufinder/plugins/mcufinder/ => /home/adailton/.stmcufinder/plugins/mcufinder
2024-08-15 09:52:02,164 [INFO] DbMcusAds:125 - Set database path to: /home/adailton/.stmcufinder/plugins/mcufinder//mcu/
2024-08-15 09:52:02,165 [WARN] DbFile:41 - Overriding database path with different value: /home/adailton/.stmcufinder/plugins/mcufinder/ => /home/adailton/.stmcufinder/plugins/mcufinder
2024-08-15 09:52:02,165 [WARN] DbFile:41 - Overriding database path with different value: /home/adailton/.stmcufinder/plugins/mcufinder/ => /home/adailton/.stmcufinder/plugins/mcufinder
2024-08-15 09:52:02,165 [INFO] CrossReferenceDbSqlite:203 - Set database path to: /home/adailton/.stmcufinder/plugins/mcufinder//mcu/cs/
2024-08-15 09:52:02,203 [INFO] ApplicationProperties:184 - Using Application install path: /opt/st/stm32cubeide_1.15.0/plugins/com.st.stm32cube.common.mx_6.12.0.202406281431
2024-08-15 09:52:02,210 [INFO] PluginManage:196 - Search for loadable plugins [exclusion list=, ]
2024-08-15 09:52:02,216 [INFO] PluginManage:310 - Check plugin analytics
2024-08-15 09:52:02,584 [INFO] AnalyticsPlugin:253 - Accepted Software Licenses: 
2024-08-15 09:52:02,584 [INFO] AnalyticsPlugin:255 - Accepted CMSIS Pack Licenses: STMicroelectronics.X-CUBE-AI.8.1.0,STMicroelectronics.X-CUBE-FREERTOS.1.1.0,STMicroelectronics.X-CUBE-TOUCHGFX.4.23.0
2024-08-15 09:52:02,585 [INFO] AnalyticsPlugin:257 - Accepted Firmware Licenses: FW.MP1.1.6.0,FW.MP13.1.1.0,FW.H7.1.11.0,FW.F4.1.28.0
2024-08-15 09:52:02,589 [INFO] PluginManage:359 - Loaded plugin analytics (category:tool,tabindex:-1)
2024-08-15 09:52:02,590 [INFO] PluginManage:310 - Check plugin cadmodel
2024-08-15 09:52:02,621 [INFO] CADModel:105 - Init CAD model plugin
2024-08-15 09:52:02,625 [INFO] PluginManage:359 - Loaded plugin cadmodel (category:power,tabindex:5)
2024-08-15 09:52:02,625 [INFO] PluginManage:310 - Check plugin clock
2024-08-15 09:52:02,652 [INFO] PluginManage:359 - Loaded plugin clock (category:base,tabindex:2)
2024-08-15 09:52:02,653 [INFO] PluginManage:310 - Check plugin ddr
2024-08-15 09:52:02,667 [INFO] PluginManage:359 - Loaded plugin ddr (category:tool,tabindex:6)
2024-08-15 09:52:02,668 [INFO] PluginManage:310 - Check plugin filemanager
2024-08-15 09:52:03,055 [INFO] PluginManage:359 - Loaded plugin filemanager (category:base,tabindex:10)
2024-08-15 09:52:03,056 [INFO] PluginManage:310 - Check plugin ipmanager
2024-08-15 09:52:03,089 [INFO] PluginManage:359 - Loaded plugin ipmanager (category:base,tabindex:5)
2024-08-15 09:52:03,093 [INFO] PluginManage:310 - Check plugin lpbam
2024-08-15 09:52:03,140 [INFO] PluginManage:359 - Loaded plugin lpbam (category:base,tabindex:0)
2024-08-15 09:52:03,140 [INFO] PluginManage:310 - Check plugin memorymap
2024-08-15 09:52:03,210 [INFO] PluginManage:359 - Loaded plugin memorymap (category:base,tabindex:4)
2024-08-15 09:52:03,211 [INFO] PluginManage:310 - Check plugin pinoutandconfiguration
2024-08-15 09:52:03,254 [INFO] PluginManage:359 - Loaded plugin pinoutandconfiguration (category:base,tabindex:1)
2024-08-15 09:52:03,256 [INFO] PluginManage:310 - Check plugin pinoutconfig
2024-08-15 09:52:03,567 [WARN] SupportedApi:132 - Cannot load RTOS API schema: s4s-elt-must-match.1: The content of 'definitions' must match (annotation?, (simpleType | complexType)?, (unique | key | keyref)*)). A problem was found starting at: attribute.
2024-08-15 09:52:04,030 [INFO] PluginManage:359 - Loaded plugin pinoutconfig (category:base,tabindex:0)
2024-08-15 09:52:04,031 [INFO] PluginManage:310 - Check plugin power
2024-08-15 09:52:04,046 [INFO] PluginManage:359 - Loaded plugin power (category:power,tabindex:4)
2024-08-15 09:52:04,046 [INFO] PluginManage:310 - Check plugin projectmanager
2024-08-15 09:52:04,067 [INFO] PluginManage:359 - Loaded plugin projectmanager (category:projectmanager,tabindex:4)
2024-08-15 09:52:04,067 [INFO] PluginManage:310 - Check plugin rif
2024-08-15 09:52:04,077 [INFO] PluginManage:359 - Loaded plugin rif (category:base,tabindex:3)
2024-08-15 09:52:04,077 [INFO] PluginManage:310 - Check plugin thirdparty
2024-08-15 09:52:04,205 [INFO] PluginManage:359 - Loaded plugin thirdparty (category:base,tabindex:-1)
2024-08-15 09:52:04,205 [WARN] IntegrityCheckThread:84 - waiting for thirdparty lock release [integrity check]
2024-08-15 09:52:04,205 [INFO] PluginManage:310 - Check plugin tools
2024-08-15 09:52:04,205 [INFO] IntegrityCheckThread:86 - entering critical section [integrity check]
2024-08-15 09:52:04,206 [INFO] ThirdPartyUpdaterWithRetryManager:70 - Updater plugin not ready yet. [1/15]
2024-08-15 09:52:04,208 [INFO] PluginManage:359 - Loaded plugin tools (category:base,tabindex:7)
2024-08-15 09:52:04,208 [INFO] PluginManage:310 - Check plugin tutovideos
2024-08-15 09:52:04,456 [INFO] PluginManage:359 - Loaded plugin tutovideos (category:base,tabindex:-1)
2024-08-15 09:52:04,456 [INFO] PluginManage:310 - Check plugin updater
2024-08-15 09:52:04,486 [INFO] PluginManage:359 - Loaded plugin updater (category:base,tabindex:12)
2024-08-15 09:52:04,486 [INFO] PluginManage:310 - Check plugin userauth
2024-08-15 09:52:04,494 [INFO] UserAuth:113 - Init User Auth plugin
2024-08-15 09:52:04,494 [INFO] PluginManage:359 - Loaded plugin userauth (category:base,tabindex:14)
2024-08-15 09:52:04,495 [INFO] PluginManage:283 - PluginManage : Loaded plugins [18]
2024-08-15 09:52:04,685 [INFO] PinOutPanel:1561 - setPackage(No Configuration,No Configuration)
2024-08-15 09:52:04,783 [INFO] CADModel:165 - CPN selected for project level
2024-08-15 09:52:04,783 [INFO] CADModel:114 - Register for checkConnection events
2024-08-15 09:52:04,797 [INFO] IPUIPlugin:80 - create IPUIPlugin
2024-08-15 09:52:04,797 [INFO] PluginManager:220 - loadIPPluginJar : add dma
2024-08-15 09:52:04,811 [INFO] IPUIPlugin:80 - create IPUIPlugin
2024-08-15 09:52:04,811 [INFO] PluginManager:220 - loadIPPluginJar : add stm32_wpan
2024-08-15 09:52:04,818 [INFO] IPUIPlugin:80 - create IPUIPlugin
2024-08-15 09:52:04,822 [INFO] PluginManager:220 - loadIPPluginJar : add plateformsettings
2024-08-15 09:52:04,826 [INFO] IPUIPlugin:80 - create IPUIPlugin
2024-08-15 09:52:04,826 [INFO] PluginManager:220 - loadIPPluginJar : add sai
2024-08-15 09:52:04,828 [INFO] IPUIPlugin:80 - create IPUIPlugin
2024-08-15 09:52:04,829 [INFO] PluginManager:220 - loadIPPluginJar : add usart
2024-08-15 09:52:04,831 [INFO] IPUIPlugin:80 - create IPUIPlugin
2024-08-15 09:52:04,831 [INFO] PluginManager:220 - loadIPPluginJar : add hash
2024-08-15 09:52:04,833 [INFO] IPUIPlugin:80 - create IPUIPlugin
2024-08-15 09:52:04,834 [INFO] PluginManager:220 - loadIPPluginJar : add dfsdm
2024-08-15 09:52:04,838 [INFO] IPUIPlugin:80 - create IPUIPlugin
2024-08-15 09:52:04,839 [INFO] PluginManager:220 - loadIPPluginJar : add ipddr
2024-08-15 09:52:04,842 [INFO] IPUIPlugin:80 - create IPUIPlugin
2024-08-15 09:52:04,842 [INFO] PluginManager:220 - loadIPPluginJar : add lorawan
2024-08-15 09:52:04,844 [INFO] IPUIPlugin:80 - create IPUIPlugin
2024-08-15 09:52:04,844 [INFO] PluginManager:220 - loadIPPluginJar : add ts
2024-08-15 09:52:04,847 [INFO] IPUIPlugin:80 - create IPUIPlugin
2024-08-15 09:52:04,847 [INFO] PluginManager:220 - loadIPPluginJar : add i2s
2024-08-15 09:52:04,851 [INFO] IPUIPlugin:80 - create IPUIPlugin
2024-08-15 09:52:04,852 [INFO] PluginManager:220 - loadIPPluginJar : add cryp
2024-08-15 09:52:04,856 [INFO] IPUIPlugin:80 - create IPUIPlugin
2024-08-15 09:52:04,857 [INFO] PluginManager:220 - loadIPPluginJar : add i2c
2024-08-15 09:52:04,859 [INFO] IPUIPlugin:80 - create IPUIPlugin
2024-08-15 09:52:04,859 [INFO] PluginManager:220 - loadIPPluginJar : add ltdc
2024-08-15 09:52:04,863 [INFO] IPUIPlugin:80 - create IPUIPlugin
2024-08-15 09:52:04,864 [INFO] PluginManager:220 - loadIPPluginJar : add resmgrutility
2024-08-15 09:52:04,872 [INFO] IPUIPlugin:80 - create IPUIPlugin
2024-08-15 09:52:04,873 [INFO] PluginManager:220 - loadIPPluginJar : add adc
2024-08-15 09:52:04,876 [INFO] IPUIPlugin:80 - create IPUIPlugin
2024-08-15 09:52:04,876 [INFO] PluginManager:220 - loadIPPluginJar : add usbx
2024-08-15 09:52:04,879 [INFO] IPUIPlugin:80 - create IPUIPlugin
2024-08-15 09:52:04,879 [INFO] PluginManager:220 - loadIPPluginJar : add ddr_ctrl_phy
2024-08-15 09:52:04,881 [INFO] IPUIPlugin:80 - create IPUIPlugin
2024-08-15 09:52:04,881 [INFO] PluginManager:220 - loadIPPluginJar : add gfxmmu
2024-08-15 09:52:04,885 [INFO] IPUIPlugin:80 - create IPUIPlugin
2024-08-15 09:52:04,886 [INFO] PluginManager:220 - loadIPPluginJar : add openamp
2024-08-15 09:52:04,893 [INFO] IPUIPlugin:80 - create IPUIPlugin
2024-08-15 09:52:04,894 [INFO] PluginManager:220 - loadIPPluginJar : add gic
2024-08-15 09:52:04,895 [INFO] IPUIPlugin:80 - create IPUIPlugin
2024-08-15 09:52:04,895 [INFO] PluginManager:220 - loadIPPluginJar : add quadspi
2024-08-15 09:52:04,897 [INFO] IPUIPlugin:80 - create IPUIPlugin
2024-08-15 09:52:04,897 [INFO] PluginManager:220 - loadIPPluginJar : add fatfs
2024-08-15 09:52:04,901 [INFO] IPUIPlugin:80 - create IPUIPlugin
2024-08-15 09:52:04,901 [INFO] PluginManager:220 - loadIPPluginJar : add opamp
2024-08-15 09:52:04,904 [INFO] IPUIPlugin:80 - create IPUIPlugin
2024-08-15 09:52:04,904 [INFO] PluginManager:220 - loadIPPluginJar : add genericplugin
2024-08-15 09:52:04,908 [INFO] IPUIPlugin:80 - create IPUIPlugin
2024-08-15 09:52:04,909 [INFO] PluginManager:220 - loadIPPluginJar : add can
2024-08-15 09:52:04,916 [INFO] IPUIPlugin:80 - create IPUIPlugin
2024-08-15 09:52:04,917 [INFO] PluginManager:220 - loadIPPluginJar : add freertos
2024-08-15 09:52:04,922 [INFO] IPUIPlugin:80 - create IPUIPlugin
2024-08-15 09:52:04,923 [INFO] PluginManager:220 - loadIPPluginJar : add extmemmanager
2024-08-15 09:52:04,926 [INFO] IPUIPlugin:80 - create IPUIPlugin
2024-08-15 09:52:04,926 [INFO] PluginManager:220 - loadIPPluginJar : add ucpd
2024-08-15 09:52:04,931 [INFO] IPUIPlugin:80 - create IPUIPlugin
2024-08-15 09:52:04,931 [INFO] PluginManager:220 - loadIPPluginJar : add gtzc
2024-08-15 09:52:04,934 [INFO] IPUIPlugin:80 - create IPUIPlugin
2024-08-15 09:52:04,934 [INFO] PluginManager:220 - loadIPPluginJar : add dma3
2024-08-15 09:52:04,938 [INFO] IPUIPlugin:80 - create IPUIPlugin
2024-08-15 09:52:04,938 [INFO] PluginManager:220 - loadIPPluginJar : add pdm2pcm
2024-08-15 09:52:04,941 [INFO] IPUIPlugin:80 - create IPUIPlugin
2024-08-15 09:52:04,941 [INFO] PluginManager:220 - loadIPPluginJar : add radio
2024-08-15 09:52:04,946 [INFO] IPUIPlugin:80 - create IPUIPlugin
2024-08-15 09:52:04,946 [INFO] PluginManager:220 - loadIPPluginJar : add spi
2024-08-15 09:52:04,950 [INFO] IPUIPlugin:80 - create IPUIPlugin
2024-08-15 09:52:04,951 [INFO] PluginManager:220 - loadIPPluginJar : add tracer_emb
2024-08-15 09:52:04,958 [INFO] IPUIPlugin:80 - create IPUIPlugin
2024-08-15 09:52:04,958 [INFO] PluginManager:220 - loadIPPluginJar : add aes
2024-08-15 09:52:04,964 [INFO] IPUIPlugin:80 - create IPUIPlugin
2024-08-15 09:52:04,965 [INFO] PluginManager:220 - loadIPPluginJar : add touchsensing
2024-08-15 09:52:04,976 [INFO] IPUIPlugin:80 - create IPUIPlugin
2024-08-15 09:52:04,977 [INFO] PluginManager:220 - loadIPPluginJar : add i3c
2024-08-15 09:52:04,980 [INFO] IPUIPlugin:80 - create IPUIPlugin
2024-08-15 09:52:04,980 [INFO] PluginManager:220 - loadIPPluginJar : add tim
2024-08-15 09:52:04,993 [INFO] IPUIPlugin:80 - create IPUIPlugin
2024-08-15 09:52:04,993 [INFO] PluginManager:220 - loadIPPluginJar : add linkedlist
2024-08-15 09:52:04,999 [INFO] IPUIPlugin:80 - create IPUIPlugin
2024-08-15 09:52:04,999 [INFO] PluginManager:220 - loadIPPluginJar : add nvic
2024-08-15 09:52:05,002 [INFO] IPUIPlugin:80 - create IPUIPlugin
2024-08-15 09:52:05,002 [INFO] PluginManager:220 - loadIPPluginJar : add comp
2024-08-15 09:52:05,010 [INFO] IPUIPlugin:80 - create IPUIPlugin
2024-08-15 09:52:05,011 [INFO] PluginManager:220 - loadIPPluginJar : add gpio
2024-08-15 09:52:05,013 [INFO] IPUIPlugin:80 - create IPUIPlugin
2024-08-15 09:52:05,013 [INFO] PluginManager:220 - loadIPPluginJar : add tsc
2024-08-15 09:52:05,024 [INFO] IPUIPlugin:80 - create IPUIPlugin
2024-08-15 09:52:05,025 [INFO] PluginManager:220 - loadIPPluginJar : add mdma
2024-08-15 09:52:05,031 [INFO] IPUIPlugin:80 - create IPUIPlugin
2024-08-15 09:52:05,031 [INFO] PluginManager:220 - loadIPPluginJar : add fmc
2024-08-15 09:52:05,156 [INFO] CADModel:165 - CPN selected for project level
2024-08-15 09:52:05,156 [INFO] CADModel:114 - Register for checkConnection events
2024-08-15 09:52:05,157 [FATAL] Updater:334 - Updater called before beeing initialized
2024-08-15 09:52:05,157 [ERROR] CADModel:125 - Updater not yet initialized, retry later 
2024-08-15 09:52:05,294 [INFO] CADModel:165 - CPN selected for project level
2024-08-15 09:52:05,294 [INFO] CADModel:114 - Register for checkConnection events
2024-08-15 09:52:05,294 [FATAL] Updater:334 - Updater called before beeing initialized
2024-08-15 09:52:05,294 [ERROR] CADModel:125 - Updater not yet initialized, retry later 
2024-08-15 09:52:05,298 [FATAL] Updater:334 - Updater called before beeing initialized
2024-08-15 09:52:05,388 [FATAL] Updater:334 - Updater called before beeing initialized
2024-08-15 09:52:05,393 [INFO] DbMcusAds:53 - JSON generation date=Thu May 16 06:22:00 BRT 2024 (1715851320667)
2024-08-15 09:52:05,394 [FATAL] Updater:334 - Updater called before beeing initialized
2024-08-15 09:52:05,437 [WARN] DetailPanel:346 - Failed to get advertising image, set to default
2024-08-15 09:52:05,523 [FATAL] Updater:334 - Updater called before beeing initialized
2024-08-15 09:52:05,525 [FATAL] Updater:334 - Updater called before beeing initialized
2024-08-15 09:52:05,525 [FATAL] Updater:334 - Updater called before beeing initialized
2024-08-15 09:52:05,525 [WARN] DetailPanel:346 - Failed to get advertising image, set to default
2024-08-15 09:52:05,526 [FATAL] Updater:334 - Updater called before beeing initialized
2024-08-15 09:52:05,577 [ERROR] Updater:1164 - MainUpdater not yet initialized. External WinMGr cannot be set.
2024-08-15 09:52:05,580 [INFO] Updater:1100 - Updater Version found : 6.12.0
2024-08-15 09:52:05,608 [INFO] ApplicationProperties:184 - Using Application install path: /opt/st/stm32cubeide_1.15.0/plugins/com.st.stm32cube.common.mx_6.12.0.202406281431
2024-08-15 09:52:06,103 [INFO] MainUpdater:2873 - connection check result : 10
2024-08-15 09:52:06,104 [INFO] MainUpdater:290 - Updater Check For Update Now.
2024-08-15 09:52:06,104 [INFO] MicroXplorer:498 - Change Database Version : DB.6.0.120
2024-08-15 09:52:06,111 [INFO] McuFinderGlobals:63 - Set McuFinder mode to 2 (CubeIDE integrated)
2024-08-15 09:52:06,112 [INFO] UserAuth:417 - Internet connection configuration mode: 1
2024-08-15 09:52:06,147 [INFO] JxBrowserEngine:152 - Initiate JxBrowser Engine with user profile folder
2024-08-15 09:52:06,388 [INFO] CheckServerUpdateThread:120 - End of CheckServer Thread
2024-08-15 09:52:07,350 [INFO] WebApp:167 - Instantiating new browser for Auth
2024-08-15 09:52:07,568 [WARN] PackLoader:240 - Cannot read IP mode file for STMicroelectronics.FP-SNS-MOTENVWB1.1.4.0
2024-08-15 09:52:07,596 [WARN] PackLoader:240 - Cannot read IP mode file for STMicroelectronics.X-CUBE-SMBUS.2.1.0
2024-08-15 09:52:07,616 [WARN] PackLoader:240 - Cannot read IP mode file for STMicroelectronics.X-CUBE-TOUCHGFX.4.23.0
2024-08-15 09:52:07,874 [WARN] PackLoader:240 - Cannot read IP mode file for STMicroelectronics.X-CUBE-TOUCHGFX.4.23.2
2024-08-15 09:52:07,994 [WARN] PackLoader:240 - Cannot read IP mode file for STMicroelectronics.X-CUBE-AZRTOS-F7.1.1.0
2024-08-15 09:52:08,020 [WARN] PackLoader:240 - Cannot read IP mode file for STMicroelectronics.FP-SNS-MOTENV1.4.3.2
2024-08-15 09:52:08,038 [WARN] PackLoader:240 - Cannot read IP mode file for STMicroelectronics.FP-SNS-FLIGHT1.5.0.2
2024-08-15 09:52:08,059 [WARN] PackLoader:240 - Cannot read IP mode file for STMicroelectronics.X-CUBE-DISPLAY.3.0.0
2024-08-15 09:52:08,100 [WARN] PackLoader:240 - Cannot read IP mode file for STMicroelectronics.X-CUBE-BLE1.7.0.0
2024-08-15 09:52:08,113 [WARN] PackLoader:240 - Cannot read IP mode file for emotas.I-CUBE-CANOPEN.1.3.0
2024-08-15 09:52:08,150 [WARN] PackLoader:240 - Cannot read IP mode file for STMicroelectronics.X-CUBE-BLEMGR.3.1.0
2024-08-15 09:52:08,171 [WARN] PackLoader:240 - Cannot read IP mode file for STMicroelectronics.FP-SNS-SMARTAG2.1.2.0
2024-08-15 09:52:08,200 [INFO] LogOutputStream:77 - [STDOUT_REDIRECT] 1 : Invalid condition id : UX_CORESTACK_Condition cause : null
2024-08-15 09:52:08,201 [INFO] LogOutputStream:77 - [STDOUT_REDIRECT] 1 : Invalid condition id : UX_CORESTACK_Condition cause : null
2024-08-15 09:52:08,202 [INFO] LogOutputStream:77 - [STDOUT_REDIRECT] 1 : Invalid condition id : UX_CORESTACK_Condition cause : null
2024-08-15 09:52:08,202 [INFO] LogOutputStream:77 - [STDOUT_REDIRECT] 1 : Invalid condition id : UX_CORESTACK_Condition cause : null
2024-08-15 09:52:08,202 [INFO] LogOutputStream:77 - [STDOUT_REDIRECT] 1 : Invalid condition id : UX_CORESTACK_Condition cause : null
2024-08-15 09:52:08,214 [WARN] PackLoader:240 - Cannot read IP mode file for STMicroelectronics.X-CUBE-AZRTOS-WL.2.0.0
2024-08-15 09:52:08,224 [WARN] PackLoader:240 - Cannot read IP mode file for STMicroelectronics.FP-SNS-MOTENV1.5.0.0
2024-08-15 09:52:08,250 [WARN] PackLoader:240 - Cannot read IP mode file for wolfSSL.I-CUBE-wolfMQTT.1.19.0
2024-08-15 09:52:08,273 [WARN] PackLoader:240 - Cannot read IP mode file for WES.I-CUBE-Cesium.1.3.0
2024-08-15 09:52:08,292 [WARN] PackLoader:240 - Cannot read IP mode file for STMicroelectronics.X-CUBE-BLE2.3.3.0
2024-08-15 09:52:08,312 [WARN] PackLoader:240 - Cannot read IP mode file for STMicroelectronics.X-CUBE-TCPP.4.1.0
2024-08-15 09:52:08,329 [WARN] PackLoader:240 - Cannot read IP mode file for STMicroelectronics.X-CUBE-ALGOBUILD.1.3.0
2024-08-15 09:52:08,458 [WARN] PackLoader:240 - Cannot read IP mode file for STMicroelectronics.X-CUBE-AZRTOS-G0.1.1.0
2024-08-15 09:52:08,492 [WARN] PackLoader:240 - Cannot read IP mode file for STMicroelectronics.X-CUBE-SAFEA1.1.2.2
2024-08-15 09:52:08,508 [WARN] PackLoader:240 - Cannot read IP mode file for STMicroelectronics.X-CUBE-NFC4.3.0.0
2024-08-15 09:52:08,514 [WARN] PackLoader:240 - Cannot read IP mode file for wolfSSL.I-CUBE-wolfMQTT.1.18.0
2024-08-15 09:52:08,531 [WARN] PackLoader:240 - Cannot read IP mode file for EmbeddedOffice.I-CUBE-FS-RTOS.1.0.1
2024-08-15 09:52:08,533 [ERROR] ConditionMgr:805 - Attr not supported : Dmpu
2024-08-15 09:52:08,533 [ERROR] ConditionMgr:805 - Attr not supported : Dmpu
2024-08-15 09:52:08,533 [ERROR] ConditionMgr:805 - Attr not supported : Dmpu
2024-08-15 09:52:08,533 [ERROR] ConditionMgr:805 - Attr not supported : Dmpu
2024-08-15 09:52:08,533 [ERROR] ConditionMgr:805 - Attr not supported : Dmpu
2024-08-15 09:52:08,533 [ERROR] ConditionMgr:805 - Attr not supported : Dmpu
2024-08-15 09:52:08,533 [ERROR] ConditionMgr:805 - Attr not supported : Dmpu
2024-08-15 09:52:08,533 [ERROR] ConditionMgr:805 - Attr not supported : Dmpu
2024-08-15 09:52:08,533 [ERROR] ConditionMgr:805 - Attr not supported : Dmpu
2024-08-15 09:52:08,533 [ERROR] ConditionMgr:805 - Attr not supported : Dmpu
2024-08-15 09:52:08,537 [ERROR] ConditionMgr:805 - Attr not supported : Dmpu
2024-08-15 09:52:08,537 [ERROR] ConditionMgr:805 - Attr not supported : Dmpu
2024-08-15 09:52:08,537 [ERROR] ConditionMgr:805 - Attr not supported : Dmpu
2024-08-15 09:52:08,537 [ERROR] ConditionMgr:805 - Attr not supported : Dmpu
2024-08-15 09:52:08,537 [ERROR] ConditionMgr:805 - Attr not supported : Dmpu
2024-08-15 09:52:08,537 [ERROR] ConditionMgr:805 - Attr not supported : Dmpu
2024-08-15 09:52:08,537 [ERROR] ConditionMgr:805 - Attr not supported : Dmpu
2024-08-15 09:52:08,537 [ERROR] ConditionMgr:805 - Attr not supported : Dmpu
2024-08-15 09:52:08,537 [ERROR] ConditionMgr:805 - Attr not supported : Dmpu
2024-08-15 09:52:08,538 [ERROR] ConditionMgr:805 - Attr not supported : Dmpu
2024-08-15 09:52:08,538 [ERROR] ConditionMgr:805 - Attr not supported : Dmpu
2024-08-15 09:52:08,538 [ERROR] ConditionMgr:805 - Attr not supported : Dmpu
2024-08-15 09:52:08,538 [ERROR] ConditionMgr:805 - Attr not supported : Dmpu
2024-08-15 09:52:08,538 [ERROR] ConditionMgr:805 - Attr not supported : Dmpu
2024-08-15 09:52:08,538 [ERROR] ConditionMgr:805 - Attr not supported : Dmpu
2024-08-15 09:52:08,538 [ERROR] ConditionMgr:805 - Attr not supported : Dmpu
2024-08-15 09:52:08,538 [ERROR] ConditionMgr:805 - Attr not supported : Dmpu
2024-08-15 09:52:08,538 [ERROR] ConditionMgr:805 - Attr not supported : Dmpu
2024-08-15 09:52:08,538 [ERROR] ConditionMgr:805 - Attr not supported : Dmpu
2024-08-15 09:52:08,538 [ERROR] ConditionMgr:805 - Attr not supported : Dmpu
2024-08-15 09:52:08,539 [ERROR] ConditionMgr:805 - Attr not supported : Dmpu
2024-08-15 09:52:08,539 [ERROR] ConditionMgr:805 - Attr not supported : Dmpu
2024-08-15 09:52:08,539 [ERROR] ConditionMgr:805 - Attr not supported : Dmpu
2024-08-15 09:52:08,539 [ERROR] ConditionMgr:805 - Attr not supported : Dmpu
2024-08-15 09:52:08,539 [ERROR] ConditionMgr:805 - Attr not supported : Dmpu
2024-08-15 09:52:08,539 [ERROR] ConditionMgr:805 - Attr not supported : Dmpu
2024-08-15 09:52:08,539 [ERROR] ConditionMgr:805 - Attr not supported : Dmpu
2024-08-15 09:52:08,539 [ERROR] ConditionMgr:805 - Attr not supported : Dmpu
2024-08-15 09:52:08,539 [ERROR] ConditionMgr:805 - Attr not supported : Dmpu
2024-08-15 09:52:08,539 [ERROR] ConditionMgr:805 - Attr not supported : Dmpu
2024-08-15 09:52:08,539 [ERROR] ConditionMgr:805 - Attr not supported : Dmpu
2024-08-15 09:52:08,540 [ERROR] ConditionMgr:805 - Attr not supported : Dmpu
2024-08-15 09:52:08,540 [ERROR] ConditionMgr:805 - Attr not supported : Dmpu
2024-08-15 09:52:08,540 [ERROR] ConditionMgr:805 - Attr not supported : Dmpu
2024-08-15 09:52:08,540 [ERROR] ConditionMgr:805 - Attr not supported : Dmpu
2024-08-15 09:52:08,540 [ERROR] ConditionMgr:805 - Attr not supported : Dmpu
2024-08-15 09:52:08,540 [ERROR] ConditionMgr:805 - Attr not supported : Dmpu
2024-08-15 09:52:08,540 [ERROR] ConditionMgr:805 - Attr not supported : Dmpu
2024-08-15 09:52:08,540 [ERROR] ConditionMgr:805 - Attr not supported : Dmpu
2024-08-15 09:52:08,540 [ERROR] ConditionMgr:805 - Attr not supported : Dmpu
2024-08-15 09:52:08,540 [ERROR] ConditionMgr:805 - Attr not supported : Dmpu
2024-08-15 09:52:08,540 [ERROR] ConditionMgr:805 - Attr not supported : Dmpu
2024-08-15 09:52:08,540 [ERROR] ConditionMgr:805 - Attr not supported : Dmpu
2024-08-15 09:52:08,541 [ERROR] ConditionMgr:805 - Attr not supported : Dmpu
2024-08-15 09:52:08,541 [ERROR] ConditionMgr:805 - Attr not supported : Dmpu
2024-08-15 09:52:08,541 [ERROR] ConditionMgr:805 - Attr not supported : Dmpu
2024-08-15 09:52:08,541 [ERROR] ConditionMgr:805 - Attr not supported : Dmpu
2024-08-15 09:52:08,541 [ERROR] ConditionMgr:805 - Attr not supported : Dmpu
2024-08-15 09:52:08,541 [ERROR] ConditionMgr:805 - Attr not supported : Dmpu
2024-08-15 09:52:08,541 [ERROR] ConditionMgr:805 - Attr not supported : Dmpu
2024-08-15 09:52:08,541 [ERROR] ConditionMgr:805 - Attr not supported : Dmpu
2024-08-15 09:52:08,541 [ERROR] ConditionMgr:805 - Attr not supported : Dmpu
2024-08-15 09:52:08,541 [ERROR] ConditionMgr:805 - Attr not supported : Dmpu
2024-08-15 09:52:08,542 [ERROR] ConditionMgr:805 - Attr not supported : Dmpu
2024-08-15 09:52:08,550 [WARN] PackLoader:240 - Cannot read IP mode file for RealThread.X-CUBE-RT-Thread_Nano.4.1.1
2024-08-15 09:52:08,564 [WARN] PackLoader:240 - Cannot read IP mode file for STMicroelectronics.FP-ATR-SIGFOX1.3.2.0
2024-08-15 09:52:08,577 [WARN] PackLoader:240 - Cannot read IP mode file for STMicroelectronics.X-CUBE-EEPRMA1.5.1.0
2024-08-15 09:52:08,656 [WARN] PackLoader:240 - Cannot read IP mode file for SEGGER.I-CUBE-embOS.1.3.1
2024-08-15 09:52:08,726 [WARN] PackLoader:240 - Cannot read IP mode file for STMicroelectronics.X-CUBE-ALGOBUILD.1.4.0
2024-08-15 09:52:08,737 [WARN] PackLoader:240 - Cannot read IP mode file for STMicroelectronics.X-CUBE-GNSS1.6.0.0
2024-08-15 09:52:08,764 [WARN] PackLoader:240 - Cannot read IP mode file for STMicroelectronics.X-CUBE-AZRTOS-F4.1.1.0
2024-08-15 09:52:08,791 [WARN] PackLoader:240 - Cannot read IP mode file for STMicroelectronics.X-CUBE-FREERTOS.1.2.0
2024-08-15 09:52:08,795 [WARN] PackLoader:240 - Cannot read IP mode file for wolfSSL.I-CUBE-wolfSSL.5.6.6
2024-08-15 09:52:08,827 [WARN] PackLoader:240 - Cannot read IP mode file for STMicroelectronics.X-CUBE-AZRTOS-L5.2.0.0
2024-08-15 09:52:08,860 [WARN] PackLoader:240 - Cannot read IP mode file for STMicroelectronics.X-CUBE-NFC6.3.1.0
2024-08-15 09:52:08,876 [WARN] PackLoader:240 - Cannot read IP mode file for ITTIA_DB.I-CUBE-ITTIADB.8.8.0
2024-08-15 09:52:08,885 [WARN] PackLoader:240 - Cannot read IP mode file for STMicroelectronics.X-CUBE-DPower.1.2.0
2024-08-15 09:52:08,890 [WARN] PackLoader:240 - Cannot read IP mode file for STMicroelectronics.X-CUBE-AI.9.0.0
2024-08-15 09:52:08,904 [WARN] PackLoader:240 - Cannot read IP mode file for STMicroelectronics.X-CUBE-NFC7.1.0.1
2024-08-15 09:52:08,918 [WARN] PackLoader:240 - Cannot read IP mode file for wolfSSL.I-CUBE-wolfTPM.3.2.0
2024-08-15 09:52:08,933 [WARN] PackLoader:240 - Cannot read IP mode file for STMicroelectronics.X-CUBE-AI.8.1.0
2024-08-15 09:52:09,006 [WARN] ConditionMgr:438 - getConditionDescription Invalid condition id : LAN8742 Phy interface Condition cause : null
2024-08-15 09:52:09,008 [WARN] PackLoader:240 - Cannot read IP mode file for STMicroelectronics.X-CUBE-AZRTOS-L4.2.0.0
2024-08-15 09:52:09,012 [WARN] ConditionMgr:1039 - genDependencies : Invalid condition id : LAN8742 Phy interface Condition cause : null
2024-08-15 09:52:09,014 [WARN] ConditionMgr:1039 - genDependencies : Invalid condition id : LAN8742 Phy interface Condition cause : null
2024-08-15 09:52:09,016 [WARN] ConditionMgr:1039 - genDependencies : Invalid condition id : LAN8742 Phy interface Condition cause : null
2024-08-15 09:52:09,027 [WARN] PackLoader:240 - Cannot read IP mode file for STMicroelectronics.X-CUBE-SFXS2LP1.4.0.0
2024-08-15 09:52:09,061 [WARN] PackLoader:240 - Cannot read IP mode file for STMicroelectronics.X-CUBE-AZRTOS-H7.3.3.0
2024-08-15 09:52:09,089 [WARN] ConditionMgr:438 - getConditionDescription Invalid condition id : UX DEVICE CLASS RTOS Condition cause : null
2024-08-15 09:52:09,090 [WARN] ConditionMgr:438 - getConditionDescription Invalid condition id : UX DEVICE CLASS RTOS Condition cause : null
2024-08-15 09:52:09,094 [WARN] PackLoader:240 - Cannot read IP mode file for STMicroelectronics.X-CUBE-AZRTOS-WB.2.0.0
2024-08-15 09:52:09,095 [WARN] ConditionMgr:1039 - genDependencies : Invalid condition id : UX DEVICE CLASS RTOS Condition cause : null
2024-08-15 09:52:09,095 [WARN] ConditionMgr:1039 - genDependencies : Invalid condition id : UX DEVICE CLASS RTOS Condition cause : null
2024-08-15 09:52:09,096 [WARN] ConditionMgr:1039 - genDependencies : Invalid condition id : UX DEVICE CLASS RTOS Condition cause : null
2024-08-15 09:52:09,096 [WARN] ConditionMgr:1039 - genDependencies : Invalid condition id : UX DEVICE CLASS RTOS Condition cause : null
2024-08-15 09:52:09,097 [WARN] ConditionMgr:1039 - genDependencies : Invalid condition id : UX DEVICE CLASS RTOS Condition cause : null
2024-08-15 09:52:09,109 [WARN] PackLoader:240 - Cannot read IP mode file for STMicroelectronics.FP-SNS-STBOX1.2.0.0
2024-08-15 09:52:09,131 [WARN] PackLoader:240 - Cannot read IP mode file for STMicroelectronics.X-CUBE-SUBG2.5.0.0
2024-08-15 09:52:09,162 [WARN] PackLoader:240 - Cannot read IP mode file for STMicroelectronics.X-CUBE-AZRTOS-G4.2.0.0
2024-08-15 09:52:09,181 [WARN] PackLoader:240 - Cannot read IP mode file for Infineon.AIROC-Wi-Fi-Bluetooth-STM32.1.5.1
2024-08-15 09:52:09,192 [WARN] PackLoader:240 - Cannot read IP mode file for STMicroelectronics.FP-SNS-MOTENVWB1.1.3.1
2024-08-15 09:52:09,196 [WARN] PackLoader:240 - Cannot read IP mode file for STMicroelectronics.X-CUBE-ISPU.2.0.0
2024-08-15 09:52:09,204 [WARN] PackLoader:240 - Cannot read IP mode file for STMicroelectronics.X-CUBE-ALS.1.0.2
2024-08-15 09:52:09,278 [WARN] PackLoader:240 - Cannot read IP mode file for STMicroelectronics.X-CUBE-MEMS1.10.0.0
2024-08-15 09:52:09,504 [INFO] WebApp:448 - Apply proxy settings
2024-08-15 09:52:09,505 [INFO] WebApp:533 - Chromium requires no authentication
2024-08-15 09:52:09,514 [INFO] WebApp:476 - Direct internet connection detected
2024-08-15 09:52:09,527 [WARN] PackLoader:240 - Cannot read IP mode file for STMicroelectronics.X-CUBE-FREERTOS.1.1.0
2024-08-15 09:52:09,541 [INFO] WebApp:869 - Register for checkConnection events
2024-08-15 09:52:09,541 [INFO] WebApp:448 - Apply proxy settings
2024-08-15 09:52:09,541 [INFO] WebApp:533 - Chromium requires no authentication
2024-08-15 09:52:09,543 [INFO] WebApp:476 - Direct internet connection detected
2024-08-15 09:52:09,572 [WARN] PackLoader:240 - Cannot read IP mode file for STMicroelectronics.X-CUBE-TOUCHGFX.4.24.0
2024-08-15 09:52:09,577 [WARN] PackLoader:240 - Cannot read IP mode file for portGmbH.I-Cube-SoM-uGOAL.1.1.0
2024-08-15 09:52:09,585 [WARN] PackLoader:240 - Cannot read IP mode file for STMicroelectronics.X-CUBE-ALS.1.0.1
2024-08-15 09:52:09,602 [WARN] PackLoader:240 - Cannot read IP mode file for STMicroelectronics.X-CUBE-AZRTOS-H7RS.1.0.0
2024-08-15 09:52:09,607 [WARN] PackLoader:240 - Cannot read IP mode file for STMicroelectronics.FP-ATR-ASTRA1.2.0.0
2024-08-15 09:52:09,620 [WARN] PackLoader:240 - Cannot read IP mode file for STMicroelectronics.X-CUBE-TOF1.3.4.2
2024-08-15 09:52:09,657 [WARN] PackLoader:240 - Cannot read IP mode file for STMicroelectronics.X-CUBE-TOF1.3.4.1
2024-08-15 09:52:09,688 [WARN] PackLoader:240 - Cannot read IP mode file for STMicroelectronics.X-CUBE-AZRTOS-H7.3.2.0
2024-08-15 09:52:09,695 [WARN] PackLoader:240 - Cannot read IP mode file for wolfSSL.I-CUBE-wolfSSH.1.4.17
2024-08-15 09:52:09,695 [INFO] ThirdParty:978 - Integrity check success = true
2024-08-15 09:52:09,696 [INFO] IntegrityCheckThread:100 - exiting critical section [integrity check]
2024-08-15 09:52:09,696 [INFO] IntegrityCheckThread:103 - End integrity checks thread
2024-08-15 09:52:09,759 [INFO] WebApp:220 - Starting web application
2024-08-15 09:52:09,760 [INFO] WebApp:578 - Web application path used /opt/st/stm32cubeide_1.15.0/plugins/com.st.stm32cube.common.mx_6.12.0.202406281431/db/plugins/mcufinder/reactClient1/index.html
2024-08-15 09:52:09,935 [INFO] UserAuth:417 - Internet connection configuration mode: 1
2024-08-15 09:52:09,994 [INFO] WebApp:186 - Connection restablished
2024-08-15 10:03:44,078 [ERROR] LogOutputStream:75 - [STDERR_REDIRECT] 
