2024-08-20 14:46:42,108 [INFO] Activator:176 - 


2024-08-20 14:46:42,126 [INFO] Activator:177 - !SESSION log4j initialized
2024-08-20 14:46:47,744 [INFO] LogOutputStream:77 - [STDOUT_REDIRECT] 
2024-08-20 14:46:48,578 [INFO] ApplicationProperties:184 - Using Application install path: /opt/st/stm32cubeide_1.15.0/plugins/com.st.stm32cube.common.mx_6.12.0.202406281431
2024-08-20 14:46:48,608 [INFO] DbMcusXml:78 - Set database path to: /opt/st/stm32cubeide_1.15.0/plugins/com.st.stm32cube.common.mx_6.12.0.202406281431//db//mcu/
2024-08-20 14:46:48,608 [INFO] ApiDb:274 - Set plugin database path to: /opt/st/stm32cubeide_1.15.0/plugins/com.st.stm32cube.common.mx_6.12.0.202406281431//db//plugins/boardmanager/
2024-08-20 14:46:48,609 [WARN] ApiDb:259 - Overriding images path with different value:  => /opt/st/stm32cubeide_1.15.0/plugins/com.st.stm32cube.common.mx_6.12.0.202406281431//db//plugins/mcufinder/images/
2024-08-20 14:46:48,616 [INFO] ApiDb:250 - Set database path to: /home/adailton/.stmcufinder/plugins/mcufinder//mcu/
2024-08-20 14:46:48,618 [INFO] DbMcusAds:125 - Set database path to: /home/adailton/.stmcufinder/plugins/mcufinder//mcu/
2024-08-20 14:46:48,622 [INFO] CrossReferenceDbSqlite:203 - Set database path to: /home/adailton/.stmcufinder/plugins/mcufinder//mcu/cs/
2024-08-20 14:46:48,775 [INFO] RulesReader:64 - Compatibility file has been processed (297 Rules)
2024-08-20 14:46:48,831 [INFO] DbMcusXml:78 - Set database path to: /opt/st/stm32cubeide_1.15.0/plugins/com.st.stm32cube.common.mx_6.12.0.202406281431//db//mcu/
2024-08-20 14:46:48,832 [INFO] ApiDb:274 - Set plugin database path to: /opt/st/stm32cubeide_1.15.0/plugins/com.st.stm32cube.common.mx_6.12.0.202406281431//db//plugins/boardmanager/
2024-08-20 14:46:48,832 [INFO] ApiDb:261 - Set plugin images path to: /opt/st/stm32cubeide_1.15.0/plugins/com.st.stm32cube.common.mx_6.12.0.202406281431//db//plugins/mcufinder/images/
2024-08-20 14:46:48,832 [WARN] DbFile:41 - Overriding database path with different value: /home/adailton/.stmcufinder/plugins/mcufinder/ => /home/adailton/.stmcufinder/plugins/mcufinder
2024-08-20 14:46:48,832 [INFO] ApiDb:250 - Set database path to: /home/adailton/.stmcufinder/plugins/mcufinder//mcu/
2024-08-20 14:46:48,833 [WARN] DbFile:41 - Overriding database path with different value: /home/adailton/.stmcufinder/plugins/mcufinder/ => /home/adailton/.stmcufinder/plugins/mcufinder
2024-08-20 14:46:48,833 [INFO] DbMcusAds:125 - Set database path to: /home/adailton/.stmcufinder/plugins/mcufinder//mcu/
2024-08-20 14:46:48,833 [WARN] DbFile:41 - Overriding database path with different value: /home/adailton/.stmcufinder/plugins/mcufinder/ => /home/adailton/.stmcufinder/plugins/mcufinder
2024-08-20 14:46:48,833 [WARN] DbFile:41 - Overriding database path with different value: /home/adailton/.stmcufinder/plugins/mcufinder/ => /home/adailton/.stmcufinder/plugins/mcufinder
2024-08-20 14:46:48,833 [INFO] CrossReferenceDbSqlite:203 - Set database path to: /home/adailton/.stmcufinder/plugins/mcufinder//mcu/cs/
2024-08-20 14:46:48,901 [INFO] MainPanel:268 - HeapMemory: 268435456
2024-08-20 14:46:49,028 [INFO] DbMcusXml:78 - Set database path to: /opt/st/stm32cubeide_1.15.0/plugins/com.st.stm32cube.common.mx_6.12.0.202406281431//db//mcu/
2024-08-20 14:46:49,028 [INFO] ApiDb:274 - Set plugin database path to: /opt/st/stm32cubeide_1.15.0/plugins/com.st.stm32cube.common.mx_6.12.0.202406281431//db//plugins/boardmanager/
2024-08-20 14:46:49,028 [INFO] ApiDb:261 - Set plugin images path to: /opt/st/stm32cubeide_1.15.0/plugins/com.st.stm32cube.common.mx_6.12.0.202406281431//db//plugins/mcufinder/images/
2024-08-20 14:46:49,029 [WARN] DbFile:41 - Overriding database path with different value: /home/adailton/.stmcufinder/plugins/mcufinder/ => /home/adailton/.stmcufinder/plugins/mcufinder
2024-08-20 14:46:49,030 [INFO] ApiDb:250 - Set database path to: /home/adailton/.stmcufinder/plugins/mcufinder//mcu/
2024-08-20 14:46:49,030 [WARN] DbFile:41 - Overriding database path with different value: /home/adailton/.stmcufinder/plugins/mcufinder/ => /home/adailton/.stmcufinder/plugins/mcufinder
2024-08-20 14:46:49,031 [INFO] DbMcusAds:125 - Set database path to: /home/adailton/.stmcufinder/plugins/mcufinder//mcu/
2024-08-20 14:46:49,031 [WARN] DbFile:41 - Overriding database path with different value: /home/adailton/.stmcufinder/plugins/mcufinder/ => /home/adailton/.stmcufinder/plugins/mcufinder
2024-08-20 14:46:49,031 [WARN] DbFile:41 - Overriding database path with different value: /home/adailton/.stmcufinder/plugins/mcufinder/ => /home/adailton/.stmcufinder/plugins/mcufinder
2024-08-20 14:46:49,031 [INFO] CrossReferenceDbSqlite:203 - Set database path to: /home/adailton/.stmcufinder/plugins/mcufinder//mcu/cs/
2024-08-20 14:46:49,048 [INFO] ApplicationProperties:184 - Using Application install path: /opt/st/stm32cubeide_1.15.0/plugins/com.st.stm32cube.common.mx_6.12.0.202406281431
2024-08-20 14:46:49,049 [INFO] PluginManage:196 - Search for loadable plugins [exclusion list=, ]
2024-08-20 14:46:49,050 [INFO] PluginManage:310 - Check plugin analytics
2024-08-20 14:46:49,220 [INFO] AnalyticsPlugin:253 - Accepted Software Licenses: 
2024-08-20 14:46:49,220 [INFO] AnalyticsPlugin:255 - Accepted CMSIS Pack Licenses: STMicroelectronics.X-CUBE-AI.8.1.0,STMicroelectronics.X-CUBE-FREERTOS.1.1.0,STMicroelectronics.X-CUBE-TOUCHGFX.4.23.0
2024-08-20 14:46:49,220 [INFO] AnalyticsPlugin:257 - Accepted Firmware Licenses: FW.MP1.1.6.0,FW.MP13.1.1.0,FW.H7.1.11.0,FW.F4.1.28.0
2024-08-20 14:46:49,224 [INFO] PluginManage:359 - Loaded plugin analytics (category:tool,tabindex:-1)
2024-08-20 14:46:49,225 [INFO] PluginManage:310 - Check plugin cadmodel
2024-08-20 14:46:49,229 [INFO] CADModel:105 - Init CAD model plugin
2024-08-20 14:46:49,229 [INFO] PluginManage:359 - Loaded plugin cadmodel (category:power,tabindex:5)
2024-08-20 14:46:49,230 [INFO] PluginManage:310 - Check plugin clock
2024-08-20 14:46:49,241 [INFO] PluginManage:359 - Loaded plugin clock (category:base,tabindex:2)
2024-08-20 14:46:49,241 [INFO] PluginManage:310 - Check plugin ddr
2024-08-20 14:46:49,243 [INFO] PluginManage:359 - Loaded plugin ddr (category:tool,tabindex:6)
2024-08-20 14:46:49,243 [INFO] PluginManage:310 - Check plugin filemanager
2024-08-20 14:46:49,390 [INFO] PluginManage:359 - Loaded plugin filemanager (category:base,tabindex:10)
2024-08-20 14:46:49,390 [INFO] PluginManage:310 - Check plugin ipmanager
2024-08-20 14:46:49,394 [INFO] PluginManage:359 - Loaded plugin ipmanager (category:base,tabindex:5)
2024-08-20 14:46:49,394 [INFO] PluginManage:310 - Check plugin lpbam
2024-08-20 14:46:49,404 [INFO] PluginManage:359 - Loaded plugin lpbam (category:base,tabindex:0)
2024-08-20 14:46:49,404 [INFO] PluginManage:310 - Check plugin memorymap
2024-08-20 14:46:49,415 [INFO] PluginManage:359 - Loaded plugin memorymap (category:base,tabindex:4)
2024-08-20 14:46:49,416 [INFO] PluginManage:310 - Check plugin pinoutandconfiguration
2024-08-20 14:46:49,423 [INFO] PluginManage:359 - Loaded plugin pinoutandconfiguration (category:base,tabindex:1)
2024-08-20 14:46:49,423 [INFO] PluginManage:310 - Check plugin pinoutconfig
2024-08-20 14:46:49,532 [WARN] SupportedApi:132 - Cannot load RTOS API schema: s4s-elt-must-match.1: The content of 'definitions' must match (annotation?, (simpleType | complexType)?, (unique | key | keyref)*)). A problem was found starting at: attribute.
2024-08-20 14:46:49,645 [INFO] PluginManage:359 - Loaded plugin pinoutconfig (category:base,tabindex:0)
2024-08-20 14:46:49,645 [INFO] PluginManage:310 - Check plugin power
2024-08-20 14:46:49,654 [INFO] PluginManage:359 - Loaded plugin power (category:power,tabindex:4)
2024-08-20 14:46:49,654 [INFO] PluginManage:310 - Check plugin projectmanager
2024-08-20 14:46:49,669 [INFO] PluginManage:359 - Loaded plugin projectmanager (category:projectmanager,tabindex:4)
2024-08-20 14:46:49,669 [INFO] PluginManage:310 - Check plugin rif
2024-08-20 14:46:49,674 [INFO] PluginManage:359 - Loaded plugin rif (category:base,tabindex:3)
2024-08-20 14:46:49,674 [INFO] PluginManage:310 - Check plugin thirdparty
2024-08-20 14:46:49,776 [INFO] PluginManage:359 - Loaded plugin thirdparty (category:base,tabindex:-1)
2024-08-20 14:46:49,775 [WARN] IntegrityCheckThread:84 - waiting for thirdparty lock release [integrity check]
2024-08-20 14:46:49,776 [INFO] PluginManage:310 - Check plugin tools
2024-08-20 14:46:49,776 [INFO] IntegrityCheckThread:86 - entering critical section [integrity check]
2024-08-20 14:46:49,776 [INFO] ThirdPartyUpdaterWithRetryManager:70 - Updater plugin not ready yet. [1/15]
2024-08-20 14:46:49,778 [INFO] PluginManage:359 - Loaded plugin tools (category:base,tabindex:7)
2024-08-20 14:46:49,779 [INFO] PluginManage:310 - Check plugin tutovideos
2024-08-20 14:46:49,958 [INFO] PluginManage:359 - Loaded plugin tutovideos (category:base,tabindex:-1)
2024-08-20 14:46:49,958 [INFO] PluginManage:310 - Check plugin updater
2024-08-20 14:46:49,974 [INFO] PluginManage:359 - Loaded plugin updater (category:base,tabindex:12)
2024-08-20 14:46:49,975 [INFO] PluginManage:310 - Check plugin userauth
2024-08-20 14:46:49,981 [INFO] UserAuth:113 - Init User Auth plugin
2024-08-20 14:46:49,981 [INFO] PluginManage:359 - Loaded plugin userauth (category:base,tabindex:14)
2024-08-20 14:46:49,982 [INFO] PluginManage:283 - PluginManage : Loaded plugins [18]
2024-08-20 14:46:50,147 [INFO] PinOutPanel:1561 - setPackage(No Configuration,No Configuration)
2024-08-20 14:46:50,216 [INFO] CADModel:165 - CPN selected for project level
2024-08-20 14:46:50,216 [INFO] CADModel:114 - Register for checkConnection events
2024-08-20 14:46:50,226 [INFO] IPUIPlugin:80 - create IPUIPlugin
2024-08-20 14:46:50,227 [INFO] PluginManager:220 - loadIPPluginJar : add dma
2024-08-20 14:46:50,239 [INFO] IPUIPlugin:80 - create IPUIPlugin
2024-08-20 14:46:50,239 [INFO] PluginManager:220 - loadIPPluginJar : add stm32_wpan
2024-08-20 14:46:50,245 [INFO] IPUIPlugin:80 - create IPUIPlugin
2024-08-20 14:46:50,249 [INFO] PluginManager:220 - loadIPPluginJar : add plateformsettings
2024-08-20 14:46:50,251 [INFO] IPUIPlugin:80 - create IPUIPlugin
2024-08-20 14:46:50,251 [INFO] PluginManager:220 - loadIPPluginJar : add sai
2024-08-20 14:46:50,254 [INFO] IPUIPlugin:80 - create IPUIPlugin
2024-08-20 14:46:50,255 [INFO] PluginManager:220 - loadIPPluginJar : add usart
2024-08-20 14:46:50,257 [INFO] IPUIPlugin:80 - create IPUIPlugin
2024-08-20 14:46:50,258 [INFO] PluginManager:220 - loadIPPluginJar : add hash
2024-08-20 14:46:50,260 [INFO] IPUIPlugin:80 - create IPUIPlugin
2024-08-20 14:46:50,261 [INFO] PluginManager:220 - loadIPPluginJar : add dfsdm
2024-08-20 14:46:50,265 [INFO] IPUIPlugin:80 - create IPUIPlugin
2024-08-20 14:46:50,265 [INFO] PluginManager:220 - loadIPPluginJar : add ipddr
2024-08-20 14:46:50,268 [INFO] IPUIPlugin:80 - create IPUIPlugin
2024-08-20 14:46:50,268 [INFO] PluginManager:220 - loadIPPluginJar : add lorawan
2024-08-20 14:46:50,270 [INFO] IPUIPlugin:80 - create IPUIPlugin
2024-08-20 14:46:50,271 [INFO] PluginManager:220 - loadIPPluginJar : add ts
2024-08-20 14:46:50,274 [INFO] IPUIPlugin:80 - create IPUIPlugin
2024-08-20 14:46:50,274 [INFO] PluginManager:220 - loadIPPluginJar : add i2s
2024-08-20 14:46:50,277 [INFO] IPUIPlugin:80 - create IPUIPlugin
2024-08-20 14:46:50,277 [INFO] PluginManager:220 - loadIPPluginJar : add cryp
2024-08-20 14:46:50,281 [INFO] IPUIPlugin:80 - create IPUIPlugin
2024-08-20 14:46:50,281 [INFO] PluginManager:220 - loadIPPluginJar : add i2c
2024-08-20 14:46:50,282 [INFO] IPUIPlugin:80 - create IPUIPlugin
2024-08-20 14:46:50,282 [INFO] PluginManager:220 - loadIPPluginJar : add ltdc
2024-08-20 14:46:50,285 [INFO] IPUIPlugin:80 - create IPUIPlugin
2024-08-20 14:46:50,286 [INFO] PluginManager:220 - loadIPPluginJar : add resmgrutility
2024-08-20 14:46:50,293 [INFO] IPUIPlugin:80 - create IPUIPlugin
2024-08-20 14:46:50,293 [INFO] PluginManager:220 - loadIPPluginJar : add adc
2024-08-20 14:46:50,297 [INFO] IPUIPlugin:80 - create IPUIPlugin
2024-08-20 14:46:50,297 [INFO] PluginManager:220 - loadIPPluginJar : add usbx
2024-08-20 14:46:50,300 [INFO] IPUIPlugin:80 - create IPUIPlugin
2024-08-20 14:46:50,300 [INFO] PluginManager:220 - loadIPPluginJar : add ddr_ctrl_phy
2024-08-20 14:46:50,302 [INFO] IPUIPlugin:80 - create IPUIPlugin
2024-08-20 14:46:50,302 [INFO] PluginManager:220 - loadIPPluginJar : add gfxmmu
2024-08-20 14:46:50,306 [INFO] IPUIPlugin:80 - create IPUIPlugin
2024-08-20 14:46:50,306 [INFO] PluginManager:220 - loadIPPluginJar : add openamp
2024-08-20 14:46:50,310 [INFO] IPUIPlugin:80 - create IPUIPlugin
2024-08-20 14:46:50,310 [INFO] PluginManager:220 - loadIPPluginJar : add gic
2024-08-20 14:46:50,311 [INFO] IPUIPlugin:80 - create IPUIPlugin
2024-08-20 14:46:50,311 [INFO] PluginManager:220 - loadIPPluginJar : add quadspi
2024-08-20 14:46:50,314 [INFO] IPUIPlugin:80 - create IPUIPlugin
2024-08-20 14:46:50,314 [INFO] PluginManager:220 - loadIPPluginJar : add fatfs
2024-08-20 14:46:50,316 [INFO] IPUIPlugin:80 - create IPUIPlugin
2024-08-20 14:46:50,317 [INFO] PluginManager:220 - loadIPPluginJar : add opamp
2024-08-20 14:46:50,318 [INFO] IPUIPlugin:80 - create IPUIPlugin
2024-08-20 14:46:50,318 [INFO] PluginManager:220 - loadIPPluginJar : add genericplugin
2024-08-20 14:46:50,320 [INFO] IPUIPlugin:80 - create IPUIPlugin
2024-08-20 14:46:50,320 [INFO] PluginManager:220 - loadIPPluginJar : add can
2024-08-20 14:46:50,325 [INFO] IPUIPlugin:80 - create IPUIPlugin
2024-08-20 14:46:50,326 [INFO] PluginManager:220 - loadIPPluginJar : add freertos
2024-08-20 14:46:50,328 [INFO] IPUIPlugin:80 - create IPUIPlugin
2024-08-20 14:46:50,328 [INFO] PluginManager:220 - loadIPPluginJar : add extmemmanager
2024-08-20 14:46:50,331 [INFO] IPUIPlugin:80 - create IPUIPlugin
2024-08-20 14:46:50,331 [INFO] PluginManager:220 - loadIPPluginJar : add ucpd
2024-08-20 14:46:50,333 [INFO] IPUIPlugin:80 - create IPUIPlugin
2024-08-20 14:46:50,333 [INFO] PluginManager:220 - loadIPPluginJar : add gtzc
2024-08-20 14:46:50,335 [INFO] IPUIPlugin:80 - create IPUIPlugin
2024-08-20 14:46:50,335 [INFO] PluginManager:220 - loadIPPluginJar : add dma3
2024-08-20 14:46:50,337 [INFO] IPUIPlugin:80 - create IPUIPlugin
2024-08-20 14:46:50,337 [INFO] PluginManager:220 - loadIPPluginJar : add pdm2pcm
2024-08-20 14:46:50,340 [INFO] IPUIPlugin:80 - create IPUIPlugin
2024-08-20 14:46:50,340 [INFO] PluginManager:220 - loadIPPluginJar : add radio
2024-08-20 14:46:50,343 [INFO] IPUIPlugin:80 - create IPUIPlugin
2024-08-20 14:46:50,343 [INFO] PluginManager:220 - loadIPPluginJar : add spi
2024-08-20 14:46:50,345 [INFO] IPUIPlugin:80 - create IPUIPlugin
2024-08-20 14:46:50,345 [INFO] PluginManager:220 - loadIPPluginJar : add tracer_emb
2024-08-20 14:46:50,348 [INFO] IPUIPlugin:80 - create IPUIPlugin
2024-08-20 14:46:50,349 [INFO] PluginManager:220 - loadIPPluginJar : add aes
2024-08-20 14:46:50,352 [INFO] IPUIPlugin:80 - create IPUIPlugin
2024-08-20 14:46:50,352 [INFO] PluginManager:220 - loadIPPluginJar : add touchsensing
2024-08-20 14:46:50,356 [INFO] IPUIPlugin:80 - create IPUIPlugin
2024-08-20 14:46:50,357 [INFO] PluginManager:220 - loadIPPluginJar : add i3c
2024-08-20 14:46:50,358 [INFO] IPUIPlugin:80 - create IPUIPlugin
2024-08-20 14:46:50,358 [INFO] PluginManager:220 - loadIPPluginJar : add tim
2024-08-20 14:46:50,366 [INFO] IPUIPlugin:80 - create IPUIPlugin
2024-08-20 14:46:50,366 [INFO] PluginManager:220 - loadIPPluginJar : add linkedlist
2024-08-20 14:46:50,368 [INFO] IPUIPlugin:80 - create IPUIPlugin
2024-08-20 14:46:50,369 [INFO] PluginManager:220 - loadIPPluginJar : add nvic
2024-08-20 14:46:50,370 [INFO] IPUIPlugin:80 - create IPUIPlugin
2024-08-20 14:46:50,370 [INFO] PluginManager:220 - loadIPPluginJar : add comp
2024-08-20 14:46:50,375 [INFO] IPUIPlugin:80 - create IPUIPlugin
2024-08-20 14:46:50,375 [INFO] PluginManager:220 - loadIPPluginJar : add gpio
2024-08-20 14:46:50,376 [INFO] IPUIPlugin:80 - create IPUIPlugin
2024-08-20 14:46:50,376 [INFO] PluginManager:220 - loadIPPluginJar : add tsc
2024-08-20 14:46:50,383 [INFO] IPUIPlugin:80 - create IPUIPlugin
2024-08-20 14:46:50,383 [INFO] PluginManager:220 - loadIPPluginJar : add mdma
2024-08-20 14:46:50,387 [INFO] IPUIPlugin:80 - create IPUIPlugin
2024-08-20 14:46:50,388 [INFO] PluginManager:220 - loadIPPluginJar : add fmc
2024-08-20 14:46:50,495 [INFO] CADModel:165 - CPN selected for project level
2024-08-20 14:46:50,495 [INFO] CADModel:114 - Register for checkConnection events
2024-08-20 14:46:50,495 [FATAL] Updater:334 - Updater called before beeing initialized
2024-08-20 14:46:50,496 [ERROR] CADModel:125 - Updater not yet initialized, retry later 
2024-08-20 14:46:50,700 [INFO] CADModel:165 - CPN selected for project level
2024-08-20 14:46:50,701 [INFO] CADModel:114 - Register for checkConnection events
2024-08-20 14:46:50,701 [FATAL] Updater:334 - Updater called before beeing initialized
2024-08-20 14:46:50,701 [ERROR] CADModel:125 - Updater not yet initialized, retry later 
2024-08-20 14:46:50,704 [FATAL] Updater:334 - Updater called before beeing initialized
2024-08-20 14:46:50,781 [FATAL] Updater:334 - Updater called before beeing initialized
2024-08-20 14:46:50,785 [INFO] DbMcusAds:53 - JSON generation date=Thu May 16 06:22:00 BRT 2024 (1715851320667)
2024-08-20 14:46:50,785 [FATAL] Updater:334 - Updater called before beeing initialized
2024-08-20 14:46:50,821 [WARN] DetailPanel:346 - Failed to get advertising image, set to default
2024-08-20 14:46:50,897 [FATAL] Updater:334 - Updater called before beeing initialized
2024-08-20 14:46:50,899 [FATAL] Updater:334 - Updater called before beeing initialized
2024-08-20 14:46:50,899 [FATAL] Updater:334 - Updater called before beeing initialized
2024-08-20 14:46:50,899 [WARN] DetailPanel:346 - Failed to get advertising image, set to default
2024-08-20 14:46:50,900 [FATAL] Updater:334 - Updater called before beeing initialized
2024-08-20 14:46:50,936 [ERROR] Updater:1164 - MainUpdater not yet initialized. External WinMGr cannot be set.
2024-08-20 14:46:50,938 [INFO] Updater:1100 - Updater Version found : 6.12.0
2024-08-20 14:46:50,956 [INFO] ApplicationProperties:184 - Using Application install path: /opt/st/stm32cubeide_1.15.0/plugins/com.st.stm32cube.common.mx_6.12.0.202406281431
2024-08-20 14:46:51,294 [INFO] MainUpdater:2873 - connection check result : 10
2024-08-20 14:46:51,296 [INFO] MainUpdater:290 - Updater Check For Update Now.
2024-08-20 14:46:51,297 [INFO] MicroXplorer:498 - Change Database Version : DB.6.0.120
2024-08-20 14:46:51,302 [INFO] McuFinderGlobals:63 - Set McuFinder mode to 2 (CubeIDE integrated)
2024-08-20 14:46:51,303 [INFO] UserAuth:417 - Internet connection configuration mode: 1
2024-08-20 14:46:51,315 [INFO] JxBrowserEngine:152 - Initiate JxBrowser Engine with user profile folder
2024-08-20 14:46:51,551 [INFO] CheckServerUpdateThread:120 - End of CheckServer Thread
2024-08-20 14:46:51,940 [INFO] WebApp:167 - Instantiating new browser for Auth
2024-08-20 14:46:52,887 [WARN] PackLoader:240 - Cannot read IP mode file for STMicroelectronics.FP-SNS-MOTENVWB1.1.4.0
2024-08-20 14:46:52,901 [WARN] PackLoader:240 - Cannot read IP mode file for STMicroelectronics.X-CUBE-SMBUS.2.1.0
2024-08-20 14:46:52,909 [WARN] PackLoader:240 - Cannot read IP mode file for STMicroelectronics.X-CUBE-TOUCHGFX.4.23.0
2024-08-20 14:46:53,033 [WARN] PackLoader:240 - Cannot read IP mode file for STMicroelectronics.X-CUBE-TOUCHGFX.4.23.2
2024-08-20 14:46:53,080 [WARN] PackLoader:240 - Cannot read IP mode file for STMicroelectronics.X-CUBE-AZRTOS-F7.1.1.0
2024-08-20 14:46:53,095 [WARN] PackLoader:240 - Cannot read IP mode file for STMicroelectronics.FP-SNS-MOTENV1.4.3.2
2024-08-20 14:46:53,206 [WARN] PackLoader:240 - Cannot read IP mode file for STMicroelectronics.X-CUBE-MEMS1.11.0.0
2024-08-20 14:46:53,531 [WARN] PackLoader:240 - Cannot read IP mode file for STMicroelectronics.FP-SNS-FLIGHT1.5.0.2
2024-08-20 14:46:53,543 [WARN] PackLoader:240 - Cannot read IP mode file for STMicroelectronics.X-CUBE-DISPLAY.3.0.0
2024-08-20 14:46:53,558 [WARN] PackLoader:240 - Cannot read IP mode file for STMicroelectronics.X-CUBE-BLE1.7.0.0
2024-08-20 14:46:53,564 [WARN] PackLoader:240 - Cannot read IP mode file for emotas.I-CUBE-CANOPEN.1.3.0
2024-08-20 14:46:53,573 [WARN] PackLoader:240 - Cannot read IP mode file for STMicroelectronics.X-CUBE-BLEMGR.3.1.0
2024-08-20 14:46:53,580 [WARN] PackLoader:240 - Cannot read IP mode file for STMicroelectronics.FP-SNS-SMARTAG2.1.2.0
2024-08-20 14:46:53,607 [INFO] LogOutputStream:77 - [STDOUT_REDIRECT] 1 : Invalid condition id : UX_CORESTACK_Condition cause : null
2024-08-20 14:46:53,609 [INFO] LogOutputStream:77 - [STDOUT_REDIRECT] 1 : Invalid condition id : UX_CORESTACK_Condition cause : null
2024-08-20 14:46:53,611 [INFO] LogOutputStream:77 - [STDOUT_REDIRECT] 1 : Invalid condition id : UX_CORESTACK_Condition cause : null
2024-08-20 14:46:53,611 [INFO] WebApp:448 - Apply proxy settings
2024-08-20 14:46:53,611 [INFO] LogOutputStream:77 - [STDOUT_REDIRECT] 1 : Invalid condition id : UX_CORESTACK_Condition cause : null
2024-08-20 14:46:53,611 [INFO] LogOutputStream:77 - [STDOUT_REDIRECT] 1 : Invalid condition id : UX_CORESTACK_Condition cause : null
2024-08-20 14:46:53,615 [INFO] WebApp:533 - Chromium requires no authentication
2024-08-20 14:46:53,615 [WARN] PackLoader:240 - Cannot read IP mode file for STMicroelectronics.X-CUBE-AZRTOS-WL.2.0.0
2024-08-20 14:46:53,625 [WARN] PackLoader:240 - Cannot read IP mode file for STMicroelectronics.FP-SNS-MOTENV1.5.0.0
2024-08-20 14:46:53,630 [WARN] PackLoader:240 - Cannot read IP mode file for wolfSSL.I-CUBE-wolfMQTT.1.19.0
2024-08-20 14:46:53,633 [INFO] WebApp:476 - Direct internet connection detected
2024-08-20 14:46:53,638 [WARN] PackLoader:240 - Cannot read IP mode file for WES.I-CUBE-Cesium.1.3.0
2024-08-20 14:46:53,644 [WARN] PackLoader:240 - Cannot read IP mode file for STMicroelectronics.X-CUBE-BLE2.3.3.0
2024-08-20 14:46:53,652 [WARN] PackLoader:240 - Cannot read IP mode file for STMicroelectronics.X-CUBE-TCPP.4.1.0
2024-08-20 14:46:53,666 [WARN] PackLoader:240 - Cannot read IP mode file for STMicroelectronics.X-CUBE-ALGOBUILD.1.3.0
2024-08-20 14:46:53,676 [INFO] WebApp:869 - Register for checkConnection events
2024-08-20 14:46:53,676 [INFO] WebApp:448 - Apply proxy settings
2024-08-20 14:46:53,677 [INFO] WebApp:533 - Chromium requires no authentication
2024-08-20 14:46:53,678 [INFO] WebApp:476 - Direct internet connection detected
2024-08-20 14:46:53,694 [WARN] PackLoader:240 - Cannot read IP mode file for STMicroelectronics.X-CUBE-AZRTOS-G0.1.1.0
2024-08-20 14:46:53,706 [WARN] PackLoader:240 - Cannot read IP mode file for STMicroelectronics.X-CUBE-SAFEA1.1.2.2
2024-08-20 14:46:53,715 [WARN] PackLoader:240 - Cannot read IP mode file for STMicroelectronics.X-CUBE-NFC4.3.0.0
2024-08-20 14:46:53,719 [WARN] PackLoader:240 - Cannot read IP mode file for wolfSSL.I-CUBE-wolfMQTT.1.18.0
2024-08-20 14:46:53,729 [WARN] PackLoader:240 - Cannot read IP mode file for EmbeddedOffice.I-CUBE-FS-RTOS.1.0.1
2024-08-20 14:46:53,729 [ERROR] ConditionMgr:805 - Attr not supported : Dmpu
2024-08-20 14:46:53,730 [ERROR] ConditionMgr:805 - Attr not supported : Dmpu
2024-08-20 14:46:53,730 [ERROR] ConditionMgr:805 - Attr not supported : Dmpu
2024-08-20 14:46:53,730 [ERROR] ConditionMgr:805 - Attr not supported : Dmpu
2024-08-20 14:46:53,730 [ERROR] ConditionMgr:805 - Attr not supported : Dmpu
2024-08-20 14:46:53,731 [ERROR] ConditionMgr:805 - Attr not supported : Dmpu
2024-08-20 14:46:53,731 [ERROR] ConditionMgr:805 - Attr not supported : Dmpu
2024-08-20 14:46:53,731 [ERROR] ConditionMgr:805 - Attr not supported : Dmpu
2024-08-20 14:46:53,731 [ERROR] ConditionMgr:805 - Attr not supported : Dmpu
2024-08-20 14:46:53,731 [ERROR] ConditionMgr:805 - Attr not supported : Dmpu
2024-08-20 14:46:53,731 [ERROR] ConditionMgr:805 - Attr not supported : Dmpu
2024-08-20 14:46:53,731 [ERROR] ConditionMgr:805 - Attr not supported : Dmpu
2024-08-20 14:46:53,731 [ERROR] ConditionMgr:805 - Attr not supported : Dmpu
2024-08-20 14:46:53,732 [ERROR] ConditionMgr:805 - Attr not supported : Dmpu
2024-08-20 14:46:53,732 [ERROR] ConditionMgr:805 - Attr not supported : Dmpu
2024-08-20 14:46:53,732 [ERROR] ConditionMgr:805 - Attr not supported : Dmpu
2024-08-20 14:46:53,732 [ERROR] ConditionMgr:805 - Attr not supported : Dmpu
2024-08-20 14:46:53,732 [ERROR] ConditionMgr:805 - Attr not supported : Dmpu
2024-08-20 14:46:53,732 [ERROR] ConditionMgr:805 - Attr not supported : Dmpu
2024-08-20 14:46:53,732 [ERROR] ConditionMgr:805 - Attr not supported : Dmpu
2024-08-20 14:46:53,732 [ERROR] ConditionMgr:805 - Attr not supported : Dmpu
2024-08-20 14:46:53,733 [ERROR] ConditionMgr:805 - Attr not supported : Dmpu
2024-08-20 14:46:53,733 [ERROR] ConditionMgr:805 - Attr not supported : Dmpu
2024-08-20 14:46:53,733 [ERROR] ConditionMgr:805 - Attr not supported : Dmpu
2024-08-20 14:46:53,733 [ERROR] ConditionMgr:805 - Attr not supported : Dmpu
2024-08-20 14:46:53,733 [ERROR] ConditionMgr:805 - Attr not supported : Dmpu
2024-08-20 14:46:53,733 [ERROR] ConditionMgr:805 - Attr not supported : Dmpu
2024-08-20 14:46:53,733 [ERROR] ConditionMgr:805 - Attr not supported : Dmpu
2024-08-20 14:46:53,734 [ERROR] ConditionMgr:805 - Attr not supported : Dmpu
2024-08-20 14:46:53,734 [ERROR] ConditionMgr:805 - Attr not supported : Dmpu
2024-08-20 14:46:53,734 [ERROR] ConditionMgr:805 - Attr not supported : Dmpu
2024-08-20 14:46:53,734 [ERROR] ConditionMgr:805 - Attr not supported : Dmpu
2024-08-20 14:46:53,734 [ERROR] ConditionMgr:805 - Attr not supported : Dmpu
2024-08-20 14:46:53,734 [ERROR] ConditionMgr:805 - Attr not supported : Dmpu
2024-08-20 14:46:53,734 [ERROR] ConditionMgr:805 - Attr not supported : Dmpu
2024-08-20 14:46:53,734 [ERROR] ConditionMgr:805 - Attr not supported : Dmpu
2024-08-20 14:46:53,735 [ERROR] ConditionMgr:805 - Attr not supported : Dmpu
2024-08-20 14:46:53,735 [ERROR] ConditionMgr:805 - Attr not supported : Dmpu
2024-08-20 14:46:53,735 [ERROR] ConditionMgr:805 - Attr not supported : Dmpu
2024-08-20 14:46:53,735 [ERROR] ConditionMgr:805 - Attr not supported : Dmpu
2024-08-20 14:46:53,735 [ERROR] ConditionMgr:805 - Attr not supported : Dmpu
2024-08-20 14:46:53,735 [ERROR] ConditionMgr:805 - Attr not supported : Dmpu
2024-08-20 14:46:53,735 [ERROR] ConditionMgr:805 - Attr not supported : Dmpu
2024-08-20 14:46:53,736 [ERROR] ConditionMgr:805 - Attr not supported : Dmpu
2024-08-20 14:46:53,736 [ERROR] ConditionMgr:805 - Attr not supported : Dmpu
2024-08-20 14:46:53,736 [ERROR] ConditionMgr:805 - Attr not supported : Dmpu
2024-08-20 14:46:53,736 [ERROR] ConditionMgr:805 - Attr not supported : Dmpu
2024-08-20 14:46:53,736 [ERROR] ConditionMgr:805 - Attr not supported : Dmpu
2024-08-20 14:46:53,736 [ERROR] ConditionMgr:805 - Attr not supported : Dmpu
2024-08-20 14:46:53,736 [ERROR] ConditionMgr:805 - Attr not supported : Dmpu
2024-08-20 14:46:53,737 [ERROR] ConditionMgr:805 - Attr not supported : Dmpu
2024-08-20 14:46:53,737 [ERROR] ConditionMgr:805 - Attr not supported : Dmpu
2024-08-20 14:46:53,737 [ERROR] ConditionMgr:805 - Attr not supported : Dmpu
2024-08-20 14:46:53,737 [ERROR] ConditionMgr:805 - Attr not supported : Dmpu
2024-08-20 14:46:53,737 [ERROR] ConditionMgr:805 - Attr not supported : Dmpu
2024-08-20 14:46:53,737 [ERROR] ConditionMgr:805 - Attr not supported : Dmpu
2024-08-20 14:46:53,738 [ERROR] ConditionMgr:805 - Attr not supported : Dmpu
2024-08-20 14:46:53,738 [ERROR] ConditionMgr:805 - Attr not supported : Dmpu
2024-08-20 14:46:53,738 [ERROR] ConditionMgr:805 - Attr not supported : Dmpu
2024-08-20 14:46:53,738 [ERROR] ConditionMgr:805 - Attr not supported : Dmpu
2024-08-20 14:46:53,738 [ERROR] ConditionMgr:805 - Attr not supported : Dmpu
2024-08-20 14:46:53,738 [ERROR] ConditionMgr:805 - Attr not supported : Dmpu
2024-08-20 14:46:53,739 [ERROR] ConditionMgr:805 - Attr not supported : Dmpu
2024-08-20 14:46:53,739 [ERROR] ConditionMgr:805 - Attr not supported : Dmpu
2024-08-20 14:46:53,743 [WARN] PackLoader:240 - Cannot read IP mode file for RealThread.X-CUBE-RT-Thread_Nano.4.1.1
2024-08-20 14:46:53,750 [WARN] PackLoader:240 - Cannot read IP mode file for STMicroelectronics.FP-ATR-SIGFOX1.3.2.0
2024-08-20 14:46:53,758 [WARN] PackLoader:240 - Cannot read IP mode file for STMicroelectronics.X-CUBE-EEPRMA1.5.1.0
2024-08-20 14:46:53,815 [WARN] PackLoader:240 - Cannot read IP mode file for SEGGER.I-CUBE-embOS.1.3.1
2024-08-20 14:46:53,912 [WARN] PackLoader:240 - Cannot read IP mode file for STMicroelectronics.X-CUBE-ALGOBUILD.1.4.0
2024-08-20 14:46:53,927 [WARN] PackLoader:240 - Cannot read IP mode file for STMicroelectronics.X-CUBE-GNSS1.6.0.0
2024-08-20 14:46:53,953 [WARN] PackLoader:240 - Cannot read IP mode file for STMicroelectronics.X-CUBE-AZRTOS-F4.1.1.0
2024-08-20 14:46:53,965 [WARN] PackLoader:240 - Cannot read IP mode file for STMicroelectronics.X-CUBE-FREERTOS.1.2.0
2024-08-20 14:46:53,967 [WARN] PackLoader:240 - Cannot read IP mode file for wolfSSL.I-CUBE-wolfSSL.5.6.6
2024-08-20 14:46:53,984 [WARN] PackLoader:240 - Cannot read IP mode file for STMicroelectronics.X-CUBE-AZRTOS-L5.2.0.0
2024-08-20 14:46:53,996 [WARN] PackLoader:240 - Cannot read IP mode file for STMicroelectronics.X-CUBE-NFC6.3.1.0
2024-08-20 14:46:53,997 [INFO] WebApp:220 - Starting web application
2024-08-20 14:46:53,997 [INFO] WebApp:578 - Web application path used /opt/st/stm32cubeide_1.15.0/plugins/com.st.stm32cube.common.mx_6.12.0.202406281431/db/plugins/mcufinder/reactClient1/index.html
2024-08-20 14:46:54,004 [WARN] PackLoader:240 - Cannot read IP mode file for ITTIA_DB.I-CUBE-ITTIADB.8.8.0
2024-08-20 14:46:54,014 [WARN] PackLoader:240 - Cannot read IP mode file for STMicroelectronics.X-CUBE-DPower.1.2.0
2024-08-20 14:46:54,023 [WARN] PackLoader:240 - Cannot read IP mode file for STMicroelectronics.X-CUBE-AI.9.0.0
2024-08-20 14:46:54,032 [WARN] PackLoader:240 - Cannot read IP mode file for STMicroelectronics.X-CUBE-NFC7.1.0.1
2024-08-20 14:46:54,036 [WARN] PackLoader:240 - Cannot read IP mode file for wolfSSL.I-CUBE-wolfTPM.3.2.0
2024-08-20 14:46:54,045 [WARN] PackLoader:240 - Cannot read IP mode file for STMicroelectronics.X-CUBE-AI.8.1.0
2024-08-20 14:46:54,132 [WARN] ConditionMgr:438 - getConditionDescription Invalid condition id : LAN8742 Phy interface Condition cause : null
2024-08-20 14:46:54,134 [WARN] PackLoader:240 - Cannot read IP mode file for STMicroelectronics.X-CUBE-AZRTOS-L4.2.0.0
2024-08-20 14:46:54,137 [WARN] ConditionMgr:1039 - genDependencies : Invalid condition id : LAN8742 Phy interface Condition cause : null
2024-08-20 14:46:54,138 [WARN] ConditionMgr:1039 - genDependencies : Invalid condition id : LAN8742 Phy interface Condition cause : null
2024-08-20 14:46:54,139 [WARN] ConditionMgr:1039 - genDependencies : Invalid condition id : LAN8742 Phy interface Condition cause : null
2024-08-20 14:46:54,165 [WARN] PackLoader:240 - Cannot read IP mode file for STMicroelectronics.X-CUBE-SFXS2LP1.4.0.0
2024-08-20 14:46:54,206 [WARN] PackLoader:240 - Cannot read IP mode file for STMicroelectronics.X-CUBE-AZRTOS-H7.3.3.0
2024-08-20 14:46:54,229 [WARN] ConditionMgr:438 - getConditionDescription Invalid condition id : UX DEVICE CLASS RTOS Condition cause : null
2024-08-20 14:46:54,231 [WARN] ConditionMgr:438 - getConditionDescription Invalid condition id : UX DEVICE CLASS RTOS Condition cause : null
2024-08-20 14:46:54,230 [INFO] WebApp:186 - Connection restablished
2024-08-20 14:46:54,238 [WARN] PackLoader:240 - Cannot read IP mode file for STMicroelectronics.X-CUBE-AZRTOS-WB.2.0.0
2024-08-20 14:46:54,239 [WARN] ConditionMgr:1039 - genDependencies : Invalid condition id : UX DEVICE CLASS RTOS Condition cause : null
2024-08-20 14:46:54,240 [WARN] ConditionMgr:1039 - genDependencies : Invalid condition id : UX DEVICE CLASS RTOS Condition cause : null
2024-08-20 14:46:54,240 [WARN] ConditionMgr:1039 - genDependencies : Invalid condition id : UX DEVICE CLASS RTOS Condition cause : null
2024-08-20 14:46:54,241 [WARN] ConditionMgr:1039 - genDependencies : Invalid condition id : UX DEVICE CLASS RTOS Condition cause : null
2024-08-20 14:46:54,241 [WARN] ConditionMgr:1039 - genDependencies : Invalid condition id : UX DEVICE CLASS RTOS Condition cause : null
2024-08-20 14:46:54,255 [WARN] PackLoader:240 - Cannot read IP mode file for STMicroelectronics.FP-SNS-STBOX1.2.0.0
2024-08-20 14:46:54,274 [WARN] PackLoader:240 - Cannot read IP mode file for STMicroelectronics.X-CUBE-SUBG2.5.0.0
2024-08-20 14:46:54,305 [WARN] PackLoader:240 - Cannot read IP mode file for STMicroelectronics.X-CUBE-AZRTOS-G4.2.0.0
2024-08-20 14:46:54,328 [WARN] PackLoader:240 - Cannot read IP mode file for Infineon.AIROC-Wi-Fi-Bluetooth-STM32.1.5.1
2024-08-20 14:46:54,335 [INFO] UserAuth:417 - Internet connection configuration mode: 1
2024-08-20 14:46:54,339 [WARN] PackLoader:240 - Cannot read IP mode file for STMicroelectronics.FP-SNS-MOTENVWB1.1.3.1
2024-08-20 14:46:54,343 [WARN] PackLoader:240 - Cannot read IP mode file for STMicroelectronics.X-CUBE-ISPU.2.0.0
2024-08-20 14:46:54,348 [WARN] PackLoader:240 - Cannot read IP mode file for STMicroelectronics.X-CUBE-ALS.1.0.2
2024-08-20 14:46:54,419 [WARN] PackLoader:240 - Cannot read IP mode file for STMicroelectronics.X-CUBE-MEMS1.10.0.0
2024-08-20 14:46:54,642 [WARN] PackLoader:240 - Cannot read IP mode file for STMicroelectronics.X-CUBE-FREERTOS.1.1.0
2024-08-20 14:46:54,684 [WARN] PackLoader:240 - Cannot read IP mode file for STMicroelectronics.X-CUBE-TOUCHGFX.4.24.0
2024-08-20 14:46:54,689 [WARN] PackLoader:240 - Cannot read IP mode file for portGmbH.I-Cube-SoM-uGOAL.1.1.0
2024-08-20 14:46:54,692 [WARN] PackLoader:240 - Cannot read IP mode file for STMicroelectronics.X-CUBE-ALS.1.0.1
2024-08-20 14:46:54,713 [WARN] PackLoader:240 - Cannot read IP mode file for STMicroelectronics.X-CUBE-AZRTOS-H7RS.1.0.0
2024-08-20 14:46:54,717 [WARN] PackLoader:240 - Cannot read IP mode file for STMicroelectronics.FP-ATR-ASTRA1.2.0.0
2024-08-20 14:46:54,726 [WARN] PackLoader:240 - Cannot read IP mode file for STMicroelectronics.X-CUBE-TOF1.3.4.2
2024-08-20 14:46:54,748 [WARN] PackLoader:240 - Cannot read IP mode file for STMicroelectronics.X-CUBE-TOF1.3.4.1
2024-08-20 14:46:54,775 [WARN] PackLoader:240 - Cannot read IP mode file for STMicroelectronics.X-CUBE-AZRTOS-H7.3.2.0
2024-08-20 14:46:54,782 [WARN] PackLoader:240 - Cannot read IP mode file for wolfSSL.I-CUBE-wolfSSH.1.4.17
2024-08-20 14:46:54,783 [INFO] ThirdParty:978 - Integrity check success = true
2024-08-20 14:46:54,783 [INFO] IntegrityCheckThread:100 - exiting critical section [integrity check]
2024-08-20 14:46:54,783 [INFO] IntegrityCheckThread:103 - End integrity checks thread
2024-08-20 20:19:21,168 [INFO] WebApp:189 - Connection lost
2024-08-20 20:19:30,152 [INFO] WebApp:186 - Connection restablished
2024-08-20 20:19:30,331 [INFO] WebApp:189 - Connection lost
2024-08-20 20:19:31,055 [INFO] WebApp:186 - Connection restablished
